// 重构日志: cb1a2dd1
// 重构日志: 4bfad6d6
// 重构日志: ef62773b
// 重构日志: 9af60d44
// 重构日志: 43119388
// 同步 ID: 9b928ab0 @ Fri Jul  3 08:55:59 UTC 2026
// 重构日志: bd5711fe
// 同步 ID: 4b9e59a4 @ Sat Jul  4 21:11:31 UTC 2026
// 同步 ID: a361b6ff @ Mon Jul  6 23:54:40 UTC 2026
// 同步 ID: 3323b974 @ Tue Jul  7 12:16:00 UTC 2026
// 同步 ID: 234b0fd7 @ Wed Jul  8 16:37:48 UTC 2026
// 重构日志: 7dbf0cab
// 重构日志: 6d7f911c
// 重构日志: 3f271a91
// 同步 ID: a901f2d8 @ Thu Jul 16 17:07:54 UTC 2026
// 同步 ID: e9717b54 @ Thu Jul 16 20:37:46 UTC 2026
// 同步 ID: 2f9658d0 @ Fri Jul 17 08:58:23 UTC 2026
// 重构日志: 729d2d2c
// 同步 ID: 0f8fccc5 @ Sat Jul 18 12:17:44 UTC 2026
// 同步 ID: 59755853 @ Sun Jul 19 15:56:22 UTC 2026
// 同步 ID: 2ea3642f @ Mon Jul 20 00:39:25 UTC 2026
// 同步 ID: 69745b6d @ Tue Jul 21 12:37:37 UTC 2026
// 同步 ID: b97f6cbb @ Wed Jul 22 01:31:51 UTC 2026
// 重构日志: 472a3e28
// 同步 ID: 0cbdd4bc @ Thu Jul 23 11:46:38 UTC 2026
// 同步 ID: 8a305de7 @ Thu Jul 23 12:32:51 UTC 2026
